Info: Starting: Create block symbol file (.bsf)
Info: qsys-generate C:\neural_network_fpga\neural_soc.qsys --block-symbol-file --output-directory=C:\neural_network_fpga\neural_soc --family="Cyclone IV E" --part=EP4CE115F29C7
Progress: Loading neural_network_fpga/neural_soc.qsys
Progress: Reading input file
Progress: Adding clk_0 [clock_source 15.0]
Progress: Parameterizing module clk_0
Progress: Adding jtag_uart_0 [altera_avalon_jtag_uart 15.0]
Progress: Parameterizing module jtag_uart_0
Progress: Adding key [altera_avalon_pio 15.0]
Progress: Parameterizing module key
Progress: Adding led [altera_avalon_pio 15.0]
Progress: Parameterizing module led
Progress: Adding nios2_gen2_0 [altera_nios2_gen2 15.0]
Progress: Parameterizing module nios2_gen2_0
Progress: Adding nios_custom_instr_floating_point_2_0 [altera_nios_custom_instr_floating_point_2 15.0]
Progress: Parameterizing module nios_custom_instr_floating_point_2_0
Progress: Adding onchip_memory2_0 [altera_avalon_onchip_memory2 15.0]
Progress: Parameterizing module onchip_memory2_0
Progress: Adding sdram [altera_avalon_new_sdram_controller 15.0]
Progress: Parameterizing module sdram
Progress: Adding sdram_pll [altpll 15.0]
Progress: Parameterizing module sdram_pll
Progress: Adding switch [altera_avalon_pio 15.0]
Progress: Parameterizing module switch
Progress: Adding sysid_qsys_0 [altera_avalon_sysid_qsys 15.0]
Progress: Parameterizing module sysid_qsys_0
Progress: Adding to_hw_port [altera_avalon_pio 15.0]
Progress: Parameterizing module to_hw_port
Progress: Adding to_hw_sig [altera_avalon_pio 15.0]
Progress: Parameterizing module to_hw_sig
Progress: Adding to_sw_port [altera_avalon_pio 15.0]
Progress: Parameterizing module to_sw_port
Progress: Adding to_sw_sig [altera_avalon_pio 15.0]
Progress: Parameterizing module to_sw_sig
Progress: Building connections
Progress: Parameterizing connections
Progress: Validating
Progress: Done reading input file
Info: neural_soc.key: PIO inputs are not hardwired in test bench. Undefined values will be read from PIO inputs during simulation.
Info: neural_soc.switch: PIO inputs are not hardwired in test bench. Undefined values will be read from PIO inputs during simulation.
Info: neural_soc.sysid_qsys_0: System ID is not assigned automatically. Edit the System ID parameter to provide a unique ID
Info: neural_soc.sysid_qsys_0: Time stamp will be automatically updated when this component is generated.
Info: neural_soc.to_sw_port: PIO inputs are not hardwired in test bench. Undefined values will be read from PIO inputs during simulation.
Info: neural_soc.to_sw_sig: PIO inputs are not hardwired in test bench. Undefined values will be read from PIO inputs during simulation.
Warning: neural_soc.sdram_pll: sdram_pll.areset_conduit must be exported, or connected to a matching conduit.
Warning: neural_soc.sdram_pll: sdram_pll.locked_conduit must be exported, or connected to a matching conduit.
Warning: neural_soc.sdram_pll: sdram_pll.phasedone_conduit must be exported, or connected to a matching conduit.
Warning: neural_soc.to_hw_sig: to_hw_sig.external_connection must be exported, or connected to a matching conduit.
Warning: neural_soc.to_sw_sig: to_sw_sig.external_connection must be exported, or connected to a matching conduit.
Info: ip-generate succeeded.
Info: Finished: Create block symbol file (.bsf)
Info: 
Info: Starting: Create HDL design files for synthesis
Info: qsys-generate C:\neural_network_fpga\neural_soc.qsys --synthesis=VERILOG --output-directory=C:\neural_network_fpga\neural_soc\synthesis --family="Cyclone IV E" --part=EP4CE115F29C7
Progress: Loading neural_network_fpga/neural_soc.qsys
Progress: Reading input file
Progress: Adding clk_0 [clock_source 15.0]
Progress: Parameterizing module clk_0
Progress: Adding jtag_uart_0 [altera_avalon_jtag_uart 15.0]
Progress: Parameterizing module jtag_uart_0
Progress: Adding key [altera_avalon_pio 15.0]
Progress: Parameterizing module key
Progress: Adding led [altera_avalon_pio 15.0]
Progress: Parameterizing module led
Progress: Adding nios2_gen2_0 [altera_nios2_gen2 15.0]
Progress: Parameterizing module nios2_gen2_0
Progress: Adding nios_custom_instr_floating_point_2_0 [altera_nios_custom_instr_floating_point_2 15.0]
Progress: Parameterizing module nios_custom_instr_floating_point_2_0
Progress: Adding onchip_memory2_0 [altera_avalon_onchip_memory2 15.0]
Progress: Parameterizing module onchip_memory2_0
Progress: Adding sdram [altera_avalon_new_sdram_controller 15.0]
Progress: Parameterizing module sdram
Progress: Adding sdram_pll [altpll 15.0]
Progress: Parameterizing module sdram_pll
Progress: Adding switch [altera_avalon_pio 15.0]
Progress: Parameterizing module switch
Progress: Adding sysid_qsys_0 [altera_avalon_sysid_qsys 15.0]
Progress: Parameterizing module sysid_qsys_0
Progress: Adding to_hw_port [altera_avalon_pio 15.0]
Progress: Parameterizing module to_hw_port
Progress: Adding to_hw_sig [altera_avalon_pio 15.0]
Progress: Parameterizing module to_hw_sig
Progress: Adding to_sw_port [altera_avalon_pio 15.0]
Progress: Parameterizing module to_sw_port
Progress: Adding to_sw_sig [altera_avalon_pio 15.0]
Progress: Parameterizing module to_sw_sig
Progress: Building connections
Progress: Parameterizing connections
Progress: Validating
Progress: Done reading input file
Info: neural_soc.key: PIO inputs are not hardwired in test bench. Undefined values will be read from PIO inputs during simulation.
Info: neural_soc.switch: PIO inputs are not hardwired in test bench. Undefined values will be read from PIO inputs during simulation.
Info: neural_soc.sysid_qsys_0: System ID is not assigned automatically. Edit the System ID parameter to provide a unique ID
Info: neural_soc.sysid_qsys_0: Time stamp will be automatically updated when this component is generated.
Info: neural_soc.to_sw_port: PIO inputs are not hardwired in test bench. Undefined values will be read from PIO inputs during simulation.
Info: neural_soc.to_sw_sig: PIO inputs are not hardwired in test bench. Undefined values will be read from PIO inputs during simulation.
Warning: neural_soc.sdram_pll: sdram_pll.areset_conduit must be exported, or connected to a matching conduit.
Warning: neural_soc.sdram_pll: sdram_pll.locked_conduit must be exported, or connected to a matching conduit.
Warning: neural_soc.sdram_pll: sdram_pll.phasedone_conduit must be exported, or connected to a matching conduit.
Warning: neural_soc.to_hw_sig: to_hw_sig.external_connection must be exported, or connected to a matching conduit.
Warning: neural_soc.to_sw_sig: to_sw_sig.external_connection must be exported, or connected to a matching conduit.
Info: neural_soc: Generating neural_soc "neural_soc" for QUARTUS_SYNTH
Info: Inserting clock-crossing logic between cmd_demux.src6 and cmd_mux_006.sink0
Info: Inserting clock-crossing logic between cmd_demux_001.src4 and cmd_mux_006.sink1
Info: Inserting clock-crossing logic between rsp_demux_006.src0 and rsp_mux.sink6
Info: Inserting clock-crossing logic between rsp_demux_006.src1 and rsp_mux_001.sink4
Warning: neural_soc: "No matching role found for nios2_gen2_0_custom_instruction_master_multi_xconnect:ci_slave:ci_slave_ipending (ipending)"
Warning: neural_soc: "No matching role found for nios2_gen2_0_custom_instruction_master_multi_xconnect:ci_slave:ci_slave_estatus (estatus)"
Info: jtag_uart_0: Starting RTL generation for module 'neural_soc_jtag_uart_0'
Info: jtag_uart_0:   Generation command is [exec C:/altera/15.0/quartus/bin64/perl/bin/perl.exe -I C:/altera/15.0/quartus/bin64/perl/lib -I C:/altera/15.0/quartus/sopc_builder/bin/europa -I C:/altera/15.0/quartus/sopc_builder/bin/perl_lib -I C:/altera/15.0/quartus/sopc_builder/bin -I C:/altera/15.0/quartus/../ip/altera/sopc_builder_ip/common -I C:/altera/15.0/quartus/../ip/altera/sopc_builder_ip/altera_avalon_jtag_uart -- C:/altera/15.0/quartus/../ip/altera/sopc_builder_ip/altera_avalon_jtag_uart/generate_rtl.pl --name=neural_soc_jtag_uart_0 --dir=C:/Users/ROHANM~1/AppData/Local/Temp/alt7138_5507870639730835159.dir/0001_jtag_uart_0_gen/ --quartus_dir=C:/altera/15.0/quartus --verilog --config=C:/Users/ROHANM~1/AppData/Local/Temp/alt7138_5507870639730835159.dir/0001_jtag_uart_0_gen//neural_soc_jtag_uart_0_component_configuration.pl  --do_build_sim=0  ]
Info: jtag_uart_0: Done RTL generation for module 'neural_soc_jtag_uart_0'
Info: jtag_uart_0: "neural_soc" instantiated altera_avalon_jtag_uart "jtag_uart_0"
Info: key: Starting RTL generation for module 'neural_soc_key'
Info: key:   Generation command is [exec C:/altera/15.0/quartus/bin64/perl/bin/perl.exe -I C:/altera/15.0/quartus/bin64/perl/lib -I C:/altera/15.0/quartus/sopc_builder/bin/europa -I C:/altera/15.0/quartus/sopc_builder/bin/perl_lib -I C:/altera/15.0/quartus/sopc_builder/bin -I C:/altera/15.0/quartus/../ip/altera/sopc_builder_ip/common -I C:/altera/15.0/quartus/../ip/altera/sopc_builder_ip/altera_avalon_pio -- C:/altera/15.0/quartus/../ip/altera/sopc_builder_ip/altera_avalon_pio/generate_rtl.pl --name=neural_soc_key --dir=C:/Users/ROHANM~1/AppData/Local/Temp/alt7138_5507870639730835159.dir/0002_key_gen/ --quartus_dir=C:/altera/15.0/quartus --verilog --config=C:/Users/ROHANM~1/AppData/Local/Temp/alt7138_5507870639730835159.dir/0002_key_gen//neural_soc_key_component_configuration.pl  --do_build_sim=0  ]
Info: key: Done RTL generation for module 'neural_soc_key'
Info: key: "neural_soc" instantiated altera_avalon_pio "key"
Info: led: Starting RTL generation for module 'neural_soc_led'
Info: led:   Generation command is [exec C:/altera/15.0/quartus/bin64/perl/bin/perl.exe -I C:/altera/15.0/quartus/bin64/perl/lib -I C:/altera/15.0/quartus/sopc_builder/bin/europa -I C:/altera/15.0/quartus/sopc_builder/bin/perl_lib -I C:/altera/15.0/quartus/sopc_builder/bin -I C:/altera/15.0/quartus/../ip/altera/sopc_builder_ip/common -I C:/altera/15.0/quartus/../ip/altera/sopc_builder_ip/altera_avalon_pio -- C:/altera/15.0/quartus/../ip/altera/sopc_builder_ip/altera_avalon_pio/generate_rtl.pl --name=neural_soc_led --dir=C:/Users/ROHANM~1/AppData/Local/Temp/alt7138_5507870639730835159.dir/0003_led_gen/ --quartus_dir=C:/altera/15.0/quartus --verilog --config=C:/Users/ROHANM~1/AppData/Local/Temp/alt7138_5507870639730835159.dir/0003_led_gen//neural_soc_led_component_configuration.pl  --do_build_sim=0  ]
Info: led: Done RTL generation for module 'neural_soc_led'
Info: led: "neural_soc" instantiated altera_avalon_pio "led"
Info: nios2_gen2_0: "neural_soc" instantiated altera_nios2_gen2 "nios2_gen2_0"
Info: nios_custom_instr_floating_point_2_0: "neural_soc" instantiated altera_nios_custom_instr_floating_point_2 "nios_custom_instr_floating_point_2_0"
Info: onchip_memory2_0: Starting RTL generation for module 'neural_soc_onchip_memory2_0'
Info: onchip_memory2_0:   Generation command is [exec C:/altera/15.0/quartus/bin64/perl/bin/perl.exe -I C:/altera/15.0/quartus/bin64/perl/lib -I C:/altera/15.0/quartus/sopc_builder/bin/europa -I C:/altera/15.0/quartus/sopc_builder/bin/perl_lib -I C:/altera/15.0/quartus/sopc_builder/bin -I C:/altera/15.0/quartus/../ip/altera/sopc_builder_ip/common -I C:/altera/15.0/quartus/../ip/altera/sopc_builder_ip/altera_avalon_onchip_memory2 -- C:/altera/15.0/quartus/../ip/altera/sopc_builder_ip/altera_avalon_onchip_memory2/generate_rtl.pl --name=neural_soc_onchip_memory2_0 --dir=C:/Users/ROHANM~1/AppData/Local/Temp/alt7138_5507870639730835159.dir/0004_onchip_memory2_0_gen/ --quartus_dir=C:/altera/15.0/quartus --verilog --config=C:/Users/ROHANM~1/AppData/Local/Temp/alt7138_5507870639730835159.dir/0004_onchip_memory2_0_gen//neural_soc_onchip_memory2_0_component_configuration.pl  --do_build_sim=0  ]
Info: onchip_memory2_0: Done RTL generation for module 'neural_soc_onchip_memory2_0'
Info: onchip_memory2_0: "neural_soc" instantiated altera_avalon_onchip_memory2 "onchip_memory2_0"
Info: sdram: Starting RTL generation for module 'neural_soc_sdram'
Info: sdram:   Generation command is [exec C:/altera/15.0/quartus/bin64/perl/bin/perl.exe -I C:/altera/15.0/quartus/bin64/perl/lib -I C:/altera/15.0/quartus/sopc_builder/bin/europa -I C:/altera/15.0/quartus/sopc_builder/bin/perl_lib -I C:/altera/15.0/quartus/sopc_builder/bin -I C:/altera/15.0/quartus/../ip/altera/sopc_builder_ip/common -I C:/altera/15.0/quartus/../ip/altera/sopc_builder_ip/altera_avalon_new_sdram_controller -- C:/altera/15.0/quartus/../ip/altera/sopc_builder_ip/altera_avalon_new_sdram_controller/generate_rtl.pl --name=neural_soc_sdram --dir=C:/Users/ROHANM~1/AppData/Local/Temp/alt7138_5507870639730835159.dir/0005_sdram_gen/ --quartus_dir=C:/altera/15.0/quartus --verilog --config=C:/Users/ROHANM~1/AppData/Local/Temp/alt7138_5507870639730835159.dir/0005_sdram_gen//neural_soc_sdram_component_configuration.pl  --do_build_sim=0  ]
Info: sdram: Done RTL generation for module 'neural_soc_sdram'
Info: sdram: "neural_soc" instantiated altera_avalon_new_sdram_controller "sdram"
Info: sdram_pll: "neural_soc" instantiated altpll "sdram_pll"
Info: switch: Starting RTL generation for module 'neural_soc_switch'
Info: switch:   Generation command is [exec C:/altera/15.0/quartus/bin64/perl/bin/perl.exe -I C:/altera/15.0/quartus/bin64/perl/lib -I C:/altera/15.0/quartus/sopc_builder/bin/europa -I C:/altera/15.0/quartus/sopc_builder/bin/perl_lib -I C:/altera/15.0/quartus/sopc_builder/bin -I C:/altera/15.0/quartus/../ip/altera/sopc_builder_ip/common -I C:/altera/15.0/quartus/../ip/altera/sopc_builder_ip/altera_avalon_pio -- C:/altera/15.0/quartus/../ip/altera/sopc_builder_ip/altera_avalon_pio/generate_rtl.pl --name=neural_soc_switch --dir=C:/Users/ROHANM~1/AppData/Local/Temp/alt7138_5507870639730835159.dir/0008_switch_gen/ --quartus_dir=C:/altera/15.0/quartus --verilog --config=C:/Users/ROHANM~1/AppData/Local/Temp/alt7138_5507870639730835159.dir/0008_switch_gen//neural_soc_switch_component_configuration.pl  --do_build_sim=0  ]
Info: switch: Done RTL generation for module 'neural_soc_switch'
Info: switch: "neural_soc" instantiated altera_avalon_pio "switch"
Info: sysid_qsys_0: "neural_soc" instantiated altera_avalon_sysid_qsys "sysid_qsys_0"
Info: to_hw_port: Starting RTL generation for module 'neural_soc_to_hw_port'
Info: to_hw_port:   Generation command is [exec C:/altera/15.0/quartus/bin64/perl/bin/perl.exe -I C:/altera/15.0/quartus/bin64/perl/lib -I C:/altera/15.0/quartus/sopc_builder/bin/europa -I C:/altera/15.0/quartus/sopc_builder/bin/perl_lib -I C:/altera/15.0/quartus/sopc_builder/bin -I C:/altera/15.0/quartus/../ip/altera/sopc_builder_ip/common -I C:/altera/15.0/quartus/../ip/altera/sopc_builder_ip/altera_avalon_pio -- C:/altera/15.0/quartus/../ip/altera/sopc_builder_ip/altera_avalon_pio/generate_rtl.pl --name=neural_soc_to_hw_port --dir=C:/Users/ROHANM~1/AppData/Local/Temp/alt7138_5507870639730835159.dir/0010_to_hw_port_gen/ --quartus_dir=C:/altera/15.0/quartus --verilog --config=C:/Users/ROHANM~1/AppData/Local/Temp/alt7138_5507870639730835159.dir/0010_to_hw_port_gen//neural_soc_to_hw_port_component_configuration.pl  --do_build_sim=0  ]
Info: to_hw_port: Done RTL generation for module 'neural_soc_to_hw_port'
Info: to_hw_port: "neural_soc" instantiated altera_avalon_pio "to_hw_port"
Info: to_hw_sig: Starting RTL generation for module 'neural_soc_to_hw_sig'
Info: to_hw_sig:   Generation command is [exec C:/altera/15.0/quartus/bin64/perl/bin/perl.exe -I C:/altera/15.0/quartus/bin64/perl/lib -I C:/altera/15.0/quartus/sopc_builder/bin/europa -I C:/altera/15.0/quartus/sopc_builder/bin/perl_lib -I C:/altera/15.0/quartus/sopc_builder/bin -I C:/altera/15.0/quartus/../ip/altera/sopc_builder_ip/common -I C:/altera/15.0/quartus/../ip/altera/sopc_builder_ip/altera_avalon_pio -- C:/altera/15.0/quartus/../ip/altera/sopc_builder_ip/altera_avalon_pio/generate_rtl.pl --name=neural_soc_to_hw_sig --dir=C:/Users/ROHANM~1/AppData/Local/Temp/alt7138_5507870639730835159.dir/0011_to_hw_sig_gen/ --quartus_dir=C:/altera/15.0/quartus --verilog --config=C:/Users/ROHANM~1/AppData/Local/Temp/alt7138_5507870639730835159.dir/0011_to_hw_sig_gen//neural_soc_to_hw_sig_component_configuration.pl  --do_build_sim=0  ]
Info: to_hw_sig: Done RTL generation for module 'neural_soc_to_hw_sig'
Info: to_hw_sig: "neural_soc" instantiated altera_avalon_pio "to_hw_sig"
Info: to_sw_port: Starting RTL generation for module 'neural_soc_to_sw_port'
Info: to_sw_port:   Generation command is [exec C:/altera/15.0/quartus/bin64/perl/bin/perl.exe -I C:/altera/15.0/quartus/bin64/perl/lib -I C:/altera/15.0/quartus/sopc_builder/bin/europa -I C:/altera/15.0/quartus/sopc_builder/bin/perl_lib -I C:/altera/15.0/quartus/sopc_builder/bin -I C:/altera/15.0/quartus/../ip/altera/sopc_builder_ip/common -I C:/altera/15.0/quartus/../ip/altera/sopc_builder_ip/altera_avalon_pio -- C:/altera/15.0/quartus/../ip/altera/sopc_builder_ip/altera_avalon_pio/generate_rtl.pl --name=neural_soc_to_sw_port --dir=C:/Users/ROHANM~1/AppData/Local/Temp/alt7138_5507870639730835159.dir/0012_to_sw_port_gen/ --quartus_dir=C:/altera/15.0/quartus --verilog --config=C:/Users/ROHANM~1/AppData/Local/Temp/alt7138_5507870639730835159.dir/0012_to_sw_port_gen//neural_soc_to_sw_port_component_configuration.pl  --do_build_sim=0  ]
Info: to_sw_port: Done RTL generation for module 'neural_soc_to_sw_port'
Info: to_sw_port: "neural_soc" instantiated altera_avalon_pio "to_sw_port"
Info: to_sw_sig: Starting RTL generation for module 'neural_soc_to_sw_sig'
Info: to_sw_sig:   Generation command is [exec C:/altera/15.0/quartus/bin64/perl/bin/perl.exe -I C:/altera/15.0/quartus/bin64/perl/lib -I C:/altera/15.0/quartus/sopc_builder/bin/europa -I C:/altera/15.0/quartus/sopc_builder/bin/perl_lib -I C:/altera/15.0/quartus/sopc_builder/bin -I C:/altera/15.0/quartus/../ip/altera/sopc_builder_ip/common -I C:/altera/15.0/quartus/../ip/altera/sopc_builder_ip/altera_avalon_pio -- C:/altera/15.0/quartus/../ip/altera/sopc_builder_ip/altera_avalon_pio/generate_rtl.pl --name=neural_soc_to_sw_sig --dir=C:/Users/ROHANM~1/AppData/Local/Temp/alt7138_5507870639730835159.dir/0013_to_sw_sig_gen/ --quartus_dir=C:/altera/15.0/quartus --verilog --config=C:/Users/ROHANM~1/AppData/Local/Temp/alt7138_5507870639730835159.dir/0013_to_sw_sig_gen//neural_soc_to_sw_sig_component_configuration.pl  --do_build_sim=0  ]
Info: to_sw_sig: Done RTL generation for module 'neural_soc_to_sw_sig'
Info: to_sw_sig: "neural_soc" instantiated altera_avalon_pio "to_sw_sig"
Info: nios2_gen2_0_custom_instruction_master_translator: "neural_soc" instantiated altera_customins_master_translator "nios2_gen2_0_custom_instruction_master_translator"
Info: nios2_gen2_0_custom_instruction_master_comb_xconnect: "neural_soc" instantiated altera_customins_xconnect "nios2_gen2_0_custom_instruction_master_comb_xconnect"
Info: nios2_gen2_0_custom_instruction_master_comb_slave_translator0: "neural_soc" instantiated altera_customins_slave_translator "nios2_gen2_0_custom_instruction_master_comb_slave_translator0"
Info: nios2_gen2_0_custom_instruction_master_multi_xconnect: "neural_soc" instantiated altera_customins_xconnect "nios2_gen2_0_custom_instruction_master_multi_xconnect"
Info: avalon_st_adapter: Inserting error_adapter: error_adapter_0
Info: avalon_st_adapter_001: Inserting error_adapter: error_adapter_0
Info: avalon_st_adapter_002: Inserting error_adapter: error_adapter_0
Info: avalon_st_adapter_003: Inserting error_adapter: error_adapter_0
Info: avalon_st_adapter_004: Inserting error_adapter: error_adapter_0
Info: avalon_st_adapter_005: Inserting error_adapter: error_adapter_0
Info: avalon_st_adapter_006: Inserting error_adapter: error_adapter_0
Info: avalon_st_adapter_007: Inserting error_adapter: error_adapter_0
Info: avalon_st_adapter_008: Inserting error_adapter: error_adapter_0
Info: avalon_st_adapter_009: Inserting error_adapter: error_adapter_0
Info: avalon_st_adapter_010: Inserting error_adapter: error_adapter_0
Info: avalon_st_adapter_011: Inserting error_adapter: error_adapter_0
Info: avalon_st_adapter_012: Inserting error_adapter: error_adapter_0
Info: mm_interconnect_0: "neural_soc" instantiated altera_mm_interconnect "mm_interconnect_0"
Info: irq_mapper: "neural_soc" instantiated altera_irq_mapper "irq_mapper"
Info: rst_controller: "neural_soc" instantiated altera_reset_controller "rst_controller"
Info: cpu: Starting RTL generation for module 'neural_soc_nios2_gen2_0_cpu'
Info: cpu:   Generation command is [exec C:/altera/15.0/quartus/bin64/eperlcmd.exe -I C:/altera/15.0/quartus/bin64/perl/lib -I C:/altera/15.0/quartus/sopc_builder/bin/europa -I C:/altera/15.0/quartus/sopc_builder/bin/perl_lib -I C:/altera/15.0/quartus/sopc_builder/bin -I C:/altera/15.0/quartus/../ip/altera/nios2_ip/altera_nios2_gen2/cpu_lib -I C:/altera/15.0/quartus/../ip/altera/nios2_ip/altera_nios2_gen2/nios_lib -I C:/altera/15.0/quartus/../ip/altera/nios2_ip/altera_nios2_gen2 -I C:/altera/15.0/quartus/../ip/altera/nios2_ip/altera_nios2_gen2 -- C:/altera/15.0/quartus/../ip/altera/nios2_ip/altera_nios2_gen2/generate_rtl.epl --name=neural_soc_nios2_gen2_0_cpu --dir=C:/Users/ROHANM~1/AppData/Local/Temp/alt7138_5507870639730835159.dir/0018_cpu_gen/ --quartus_bindir=C:/altera/15.0/quartus/bin64 --verilog --config=C:/Users/ROHANM~1/AppData/Local/Temp/alt7138_5507870639730835159.dir/0018_cpu_gen//neural_soc_nios2_gen2_0_cpu_processor_configuration.pl  --do_build_sim=0  ]
Info: cpu: # 2016.12.03 15:34:20 (*) Starting Nios II generation
Info: cpu: # 2016.12.03 15:34:20 (*)   Checking for plaintext license.
Info: cpu: # 2016.12.03 15:34:23 (*)   Couldn't query license setup in Quartus directory C:/altera/15.0/quartus/bin64
Info: cpu: # 2016.12.03 15:34:23 (*)   Defaulting to contents of LM_LICENSE_FILE environment variable
Info: cpu: # 2016.12.03 15:34:23 (*)   LM_LICENSE_FILE environment variable is empty
Info: cpu: # 2016.12.03 15:34:23 (*)   Plaintext license not found.
Info: cpu: # 2016.12.03 15:34:23 (*)   No license required to generate encrypted Nios II/e.
Info: cpu: # 2016.12.03 15:34:23 (*)   Elaborating CPU configuration settings
Info: cpu: # 2016.12.03 15:34:23 (*)   Creating all objects for CPU
Info: cpu: # 2016.12.03 15:34:25 (*)   Generating RTL from CPU objects
Info: cpu: # 2016.12.03 15:34:25 (*)   Creating plain-text RTL
Info: cpu: # 2016.12.03 15:34:28 (*) Done Nios II generation
Info: cpu: Done RTL generation for module 'neural_soc_nios2_gen2_0_cpu'
Info: cpu: "nios2_gen2_0" instantiated altera_nios2_gen2_unit "cpu"
Info: fpci_combi: "nios_custom_instr_floating_point_2_0" instantiated altera_nios_custom_instr_floating_point_2_combi "fpci_combi"
Info: fpci_multi: "nios_custom_instr_floating_point_2_0" instantiated altera_nios_custom_instr_floating_point_2_multi "fpci_multi"
Info: nios2_gen2_0_data_master_translator: "mm_interconnect_0" instantiated altera_merlin_master_translator "nios2_gen2_0_data_master_translator"
Info: jtag_uart_0_avalon_jtag_slave_translator: "mm_interconnect_0" instantiated altera_merlin_slave_translator "jtag_uart_0_avalon_jtag_slave_translator"
Info: nios2_gen2_0_data_master_agent: "mm_interconnect_0" instantiated altera_merlin_master_agent "nios2_gen2_0_data_master_agent"
Info: jtag_uart_0_avalon_jtag_slave_agent: "mm_interconnect_0" instantiated altera_merlin_slave_agent "jtag_uart_0_avalon_jtag_slave_agent"
Info: jtag_uart_0_avalon_jtag_slave_agent_rsp_fifo: "mm_interconnect_0" instantiated altera_avalon_sc_fifo "jtag_uart_0_avalon_jtag_slave_agent_rsp_fifo"
Info: router: "mm_interconnect_0" instantiated altera_merlin_router "router"
Info: router_001: "mm_interconnect_0" instantiated altera_merlin_router "router_001"
Info: router_002: "mm_interconnect_0" instantiated altera_merlin_router "router_002"
Info: router_003: "mm_interconnect_0" instantiated altera_merlin_router "router_003"
Info: cmd_demux: "mm_interconnect_0" instantiated altera_merlin_demultiplexer "cmd_demux"
Info: cmd_demux_001: "mm_interconnect_0" instantiated altera_merlin_demultiplexer "cmd_demux_001"
Info: cmd_mux: "mm_interconnect_0" instantiated altera_merlin_multiplexer "cmd_mux"
Info: cmd_mux_001: "mm_interconnect_0" instantiated altera_merlin_multiplexer "cmd_mux_001"
Info: Reusing file C:/neural_network_fpga/neural_soc/synthesis/submodules/altera_merlin_arbitrator.sv
Info: rsp_demux: "mm_interconnect_0" instantiated altera_merlin_demultiplexer "rsp_demux"
Info: rsp_demux_001: "mm_interconnect_0" instantiated altera_merlin_demultiplexer "rsp_demux_001"
Info: rsp_demux_006: "mm_interconnect_0" instantiated altera_merlin_demultiplexer "rsp_demux_006"
Info: rsp_mux: "mm_interconnect_0" instantiated altera_merlin_multiplexer "rsp_mux"
Info: Reusing file C:/neural_network_fpga/neural_soc/synthesis/submodules/altera_merlin_arbitrator.sv
Info: rsp_mux_001: "mm_interconnect_0" instantiated altera_merlin_multiplexer "rsp_mux_001"
Info: Reusing file C:/neural_network_fpga/neural_soc/synthesis/submodules/altera_merlin_arbitrator.sv
Info: crosser: "mm_interconnect_0" instantiated altera_avalon_st_handshake_clock_crosser "crosser"
Info: avalon_st_adapter: "mm_interconnect_0" instantiated altera_avalon_st_adapter "avalon_st_adapter"
Info: error_adapter_0: "avalon_st_adapter" instantiated error_adapter "error_adapter_0"
Info: neural_soc: Done "neural_soc" with 46 modules, 78 files
Info: ip-generate succeeded.
Info: Finished: Create HDL design files for synthesis
