EDA Netlist Writer report for neural
Mon Dec 05 18:52:55 2016
Quartus II 64-Bit Version 15.0.0 Build 145 04/22/2015 Patches 0.01we SJ Web Edition


---------------------
; Table of Contents ;
---------------------
  1. Legal Notice
  2. EDA Netlist Writer Summary
  3. Simulation Settings
  4. Simulation Generated Files
  5. EDA Netlist Writer Messages



----------------
; Legal Notice ;
----------------
Copyright (C) 1991-2015 Altera Corporation. All rights reserved.
Your use of Altera Corporation's design tools, logic functions 
and other software and tools, and its AMPP partner logic 
functions, and any output files from any of the foregoing 
(including device programming or simulation files), and any 
associated documentation or information are expressly subject 
to the terms and conditions of the Altera Program License 
Subscription Agreement, the Altera Quartus II License Agreement,
the Altera MegaCore Function License Agreement, or other 
applicable license agreement, including, without limitation, 
that your use is for the sole purpose of programming logic 
devices manufactured by Altera and sold by Altera or its 
authorized distributors.  Please refer to the applicable 
agreement for further details.



+-------------------------------------------------------------------+
; EDA Netlist Writer Summary                                        ;
+---------------------------+---------------------------------------+
; EDA Netlist Writer Status ; Successful - Mon Dec 05 18:52:55 2016 ;
; Revision Name             ; neural                                ;
; Top-level Entity Name     ; neural                                ;
; Family                    ; Cyclone IV E                          ;
; Simulation Files Creation ; Successful                            ;
+---------------------------+---------------------------------------+


+-------------------------------------------------------------------------------------------------------------------------------------+
; Simulation Settings                                                                                                                 ;
+---------------------------------------------------------------------------------------------------+---------------------------------+
; Option                                                                                            ; Setting                         ;
+---------------------------------------------------------------------------------------------------+---------------------------------+
; Tool Name                                                                                         ; ModelSim-Altera (SystemVerilog) ;
; Generate netlist for functional simulation only                                                   ; Off                             ;
; Time scale                                                                                        ; 1 ps                            ;
; Truncate long hierarchy paths                                                                     ; Off                             ;
; Map illegal HDL characters                                                                        ; Off                             ;
; Flatten buses into individual nodes                                                               ; Off                             ;
; Maintain hierarchy                                                                                ; Off                             ;
; Bring out device-wide set/reset signals as ports                                                  ; Off                             ;
; Enable glitch filtering                                                                           ; Off                             ;
; Do not write top level VHDL entity                                                                ; Off                             ;
; Disable detection of setup and hold time violations in the input registers of bi-directional pins ; Off                             ;
; Architecture name in VHDL output netlist                                                          ; structure                       ;
; Generate third-party EDA tool command script for RTL functional simulation                        ; Off                             ;
; Generate third-party EDA tool command script for gate-level simulation                            ; Off                             ;
+---------------------------------------------------------------------------------------------------+---------------------------------+


+----------------------------------------------------------------------------+
; Simulation Generated Files                                                 ;
+----------------------------------------------------------------------------+
; Generated Files                                                            ;
+----------------------------------------------------------------------------+
; C:/neural_network_fpga/simulation/modelsim/neural_7_1200mv_85c_slow.svo    ;
; C:/neural_network_fpga/simulation/modelsim/neural_7_1200mv_0c_slow.svo     ;
; C:/neural_network_fpga/simulation/modelsim/neural_min_1200mv_0c_fast.svo   ;
; C:/neural_network_fpga/simulation/modelsim/neural.svo                      ;
; C:/neural_network_fpga/simulation/modelsim/neural_7_1200mv_85c_v_slow.sdo  ;
; C:/neural_network_fpga/simulation/modelsim/neural_7_1200mv_0c_v_slow.sdo   ;
; C:/neural_network_fpga/simulation/modelsim/neural_min_1200mv_0c_v_fast.sdo ;
; C:/neural_network_fpga/simulation/modelsim/neural_v.sdo                    ;
+----------------------------------------------------------------------------+


+-----------------------------+
; EDA Netlist Writer Messages ;
+-----------------------------+
Info: *******************************************************************
Info: Running Quartus II 64-Bit EDA Netlist Writer
    Info: Version 15.0.0 Build 145 04/22/2015 Patches 0.01we SJ Web Edition
    Info: Processing started: Mon Dec 05 18:52:33 2016
Info: Command: quartus_eda --read_settings_files=off --write_settings_files=off neural -c neural
Info (204019): Generated file neural_7_1200mv_85c_slow.svo in folder "C:/neural_network_fpga/simulation/modelsim/" for EDA simulation tool
Info (204019): Generated file neural_7_1200mv_0c_slow.svo in folder "C:/neural_network_fpga/simulation/modelsim/" for EDA simulation tool
Info (204019): Generated file neural_min_1200mv_0c_fast.svo in folder "C:/neural_network_fpga/simulation/modelsim/" for EDA simulation tool
Info (204019): Generated file neural.svo in folder "C:/neural_network_fpga/simulation/modelsim/" for EDA simulation tool
Info (204019): Generated file neural_7_1200mv_85c_v_slow.sdo in folder "C:/neural_network_fpga/simulation/modelsim/" for EDA simulation tool
Info (204019): Generated file neural_7_1200mv_0c_v_slow.sdo in folder "C:/neural_network_fpga/simulation/modelsim/" for EDA simulation tool
Info (204019): Generated file neural_min_1200mv_0c_v_fast.sdo in folder "C:/neural_network_fpga/simulation/modelsim/" for EDA simulation tool
Info (204019): Generated file neural_v.sdo in folder "C:/neural_network_fpga/simulation/modelsim/" for EDA simulation tool
Info: Quartus II 64-Bit EDA Netlist Writer was successful. 0 errors, 0 warnings
    Info: Peak virtual memory: 745 megabytes
    Info: Processing ended: Mon Dec 05 18:52:56 2016
    Info: Elapsed time: 00:00:23
    Info: Total CPU time (on all processors): 00:00:21


