Flow report for neural
Sat Dec 03 15:45:40 2016
Quartus II 64-Bit Version 15.0.0 Build 145 04/22/2015 Patches 0.01we SJ Web Edition


---------------------
; Table of Contents ;
---------------------
  1. Legal Notice
  2. Flow Summary
  3. Flow Settings
  4. Flow Non-Default Global Settings
  5. Flow Elapsed Time
  6. Flow OS Summary
  7. Flow Log
  8. Flow Messages
  9. Flow Suppressed Messages



----------------
; Legal Notice ;
----------------
Copyright (C) 1991-2015 Altera Corporation. All rights reserved.
Your use of Altera Corporation's design tools, logic functions 
and other software and tools, and its AMPP partner logic 
functions, and any output files from any of the foregoing 
(including device programming or simulation files), and any 
associated documentation or information are expressly subject 
to the terms and conditions of the Altera Program License 
Subscription Agreement, the Altera Quartus II License Agreement,
the Altera MegaCore Function License Agreement, or other 
applicable license agreement, including, without limitation, 
that your use is for the sole purpose of programming logic 
devices manufactured by Altera and sold by Altera or its 
authorized distributors.  Please refer to the applicable 
agreement for further details.



+------------------------------------------------------------------------------------------------+
; Flow Summary                                                                                   ;
+------------------------------------+-----------------------------------------------------------+
; Flow Status                        ; Successful - Sat Dec 03 15:45:40 2016                     ;
; Quartus II 64-Bit Version          ; 15.0.0 Build 145 04/22/2015 Patches 0.01we SJ Web Edition ;
; Revision Name                      ; neural                                                    ;
; Top-level Entity Name              ; neural                                                    ;
; Family                             ; Cyclone IV E                                              ;
; Device                             ; EP4CE115F29C7                                             ;
; Timing Models                      ; Final                                                     ;
; Total logic elements               ; 10,537 / 114,480 ( 9 % )                                  ;
;     Total combinational functions  ; 9,742 / 114,480 ( 9 % )                                   ;
;     Dedicated logic registers      ; 2,773 / 114,480 ( 2 % )                                   ;
; Total registers                    ; 2892                                                      ;
; Total pins                         ; 142 / 529 ( 27 % )                                        ;
; Total virtual pins                 ; 0                                                         ;
; Total memory bits                  ; 26,752 / 3,981,312 ( < 1 % )                              ;
; Embedded Multiplier 9-bit elements ; 17 / 532 ( 3 % )                                          ;
; Total PLLs                         ; 1 / 4 ( 25 % )                                            ;
+------------------------------------+-----------------------------------------------------------+


+-----------------------------------------+
; Flow Settings                           ;
+-------------------+---------------------+
; Option            ; Setting             ;
+-------------------+---------------------+
; Start date & time ; 12/03/2016 15:37:28 ;
; Main task         ; Compilation         ;
; Revision Name     ; neural              ;
+-------------------+---------------------+


+---------------------------------------------------------------------------------------------------------------------------------------------------+
; Flow Non-Default Global Settings                                                                                                                  ;
+-------------------------------------+--------------------------------------------------------------+---------------+-------------+----------------+
; Assignment Name                     ; Value                                                        ; Default Value ; Entity Name ; Section Id     ;
+-------------------------------------+--------------------------------------------------------------+---------------+-------------+----------------+
; COMPILER_SIGNATURE_ID               ; 1095416326112.148080104805664                                ; --            ; --          ; --             ;
; EDA_OUTPUT_DATA_FORMAT              ; Systemverilog Hdl                                            ; --            ; --          ; eda_simulation ;
; EDA_SIMULATION_TOOL                 ; ModelSim-Altera (SystemVerilog)                              ; <None>        ; --          ; --             ;
; MAX_CORE_JUNCTION_TEMP              ; 85                                                           ; --            ; --          ; --             ;
; MIN_CORE_JUNCTION_TEMP              ; 0                                                            ; --            ; --          ; --             ;
; MISC_FILE                           ; neural_soc/synthesis/../neural_soc.cmp                       ; --            ; --          ; --             ;
; MISC_FILE                           ; neural_soc/synthesis/../../neural_soc.qsys                   ; --            ; --          ; --             ;
; NOMINAL_CORE_SUPPLY_VOLTAGE         ; 1.2V                                                         ; --            ; --          ; --             ;
; PARTITION_COLOR                     ; 16764057                                                     ; --            ; --          ; Top            ;
; PARTITION_FITTER_PRESERVATION_LEVEL ; PLACEMENT_AND_ROUTING                                        ; --            ; --          ; Top            ;
; PARTITION_NETLIST_TYPE              ; SOURCE                                                       ; --            ; --          ; Top            ;
; POWER_BOARD_THERMAL_MODEL           ; None (CONSERVATIVE)                                          ; --            ; --          ; --             ;
; POWER_PRESET_COOLING_SOLUTION       ; 23 MM HEAT SINK WITH 200 LFPM AIRFLOW                        ; --            ; --          ; --             ;
; PROJECT_OUTPUT_DIRECTORY            ; output_files                                                 ; --            ; --          ; --             ;
; SLD_FILE                            ; neural_soc/synthesis/neural_soc.regmap                       ; --            ; --          ; --             ;
; SLD_FILE                            ; neural_soc/synthesis/neural_soc.debuginfo                    ; --            ; --          ; --             ;
; SLD_INFO                            ; QSYS_NAME neural_soc HAS_SOPCINFO 1 GENERATION_ID 1480800838 ; --            ; neural_soc  ; --             ;
; SOPCINFO_FILE                       ; neural_soc/synthesis/../../neural_soc.sopcinfo               ; --            ; --          ; --             ;
; SYNTHESIS_ONLY_QIP                  ; On                                                           ; --            ; --          ; --             ;
+-------------------------------------+--------------------------------------------------------------+---------------+-------------+----------------+


+-------------------------------------------------------------------------------------------------------------------------------+
; Flow Elapsed Time                                                                                                             ;
+---------------------------+--------------+-------------------------+---------------------+------------------------------------+
; Module Name               ; Elapsed Time ; Average Processors Used ; Peak Virtual Memory ; Total CPU Time (on all processors) ;
+---------------------------+--------------+-------------------------+---------------------+------------------------------------+
; Analysis & Synthesis      ; 00:01:59     ; 1.0                     ; 937 MB              ; 00:02:23                           ;
; Fitter                    ; 00:05:05     ; 1.0                     ; 1331 MB             ; 00:04:49                           ;
; Assembler                 ; 00:00:05     ; 1.0                     ; 666 MB              ; 00:00:06                           ;
; TimeQuest Timing Analyzer ; 00:00:30     ; 1.0                     ; 895 MB              ; 00:00:29                           ;
; EDA Netlist Writer        ; 00:00:14     ; 1.0                     ; 712 MB              ; 00:00:13                           ;
; Total                     ; 00:07:53     ; --                      ; --                  ; 00:08:00                           ;
+---------------------------+--------------+-------------------------+---------------------+------------------------------------+


+----------------------------------------------------------------------------------------+
; Flow OS Summary                                                                        ;
+---------------------------+------------------+-----------+------------+----------------+
; Module Name               ; Machine Hostname ; OS Name   ; OS Version ; Processor type ;
+---------------------------+------------------+-----------+------------+----------------+
; Analysis & Synthesis      ; DESKTOP-I9RG7BR  ; Windows 7 ; 6.2        ; x86_64         ;
; Fitter                    ; DESKTOP-I9RG7BR  ; Windows 7 ; 6.2        ; x86_64         ;
; Assembler                 ; DESKTOP-I9RG7BR  ; Windows 7 ; 6.2        ; x86_64         ;
; TimeQuest Timing Analyzer ; DESKTOP-I9RG7BR  ; Windows 7 ; 6.2        ; x86_64         ;
; EDA Netlist Writer        ; DESKTOP-I9RG7BR  ; Windows 7 ; 6.2        ; x86_64         ;
+---------------------------+------------------+-----------+------------+----------------+


------------
; Flow Log ;
------------
quartus_map --read_settings_files=on --write_settings_files=off neural -c neural
quartus_fit --read_settings_files=off --write_settings_files=off neural -c neural
quartus_asm --read_settings_files=off --write_settings_files=off neural -c neural
quartus_sta neural -c neural
quartus_eda --read_settings_files=off --write_settings_files=off neural -c neural



